app/build/outputs/logs/manifest-merger-debug-report.txt
-- Merging decision tree log ---
manifest
ADDED from AndroidManifest.xml:2:1
	xmlns:android
		ADDED from AndroidManifest.xml:2:11
	package
		ADDED from AndroidManifest.xml:3:5
		INJECTED from AndroidManifest.xml:0:0
		INJECTED from AndroidManifest.xml:0:0
	android:versionName
		INJECTED from AndroidManifest.xml:0:0
		INJECTED from AndroidManifest.xml:0:0
	android:versionCode
		INJECTED from AndroidManifest.xml:0:0
		INJECTED from AndroidManifest.xml:0:0
uses-permission#android.permission.RECEIVE_BOOT_COMPLETED
ADDED from AndroidManifest.xml:5:5
	android:name
		ADDED from AndroidManifest.xml:5:22
uses-permission#android.permission.ACCESS_FINE_LOCATION
ADDED from AndroidManifest.xml:6:5
	android:name
		ADDED from AndroidManifest.xml:6:22
uses-permission#android.permission.SEND_SMS
ADDED from AndroidManifest.xml:7:5
	android:name
		ADDED from AndroidManifest.xml:7:22
application
ADDED from AndroidManifest.xml:9:5
MERGED from com.android.support:appcompat-v7:22.1.1:22:5
MERGED from com.android.support:support-v4:22.1.1:22:5
MERGED from com.android.support:support-v4:22.1.1:22:5
	android:label
		ADDED from AndroidManifest.xml:12:9
	android:allowBackup
		ADDED from AndroidManifest.xml:10:9
	android:icon
		ADDED from AndroidManifest.xml:11:9
	android:theme
		ADDED from AndroidManifest.xml:13:9
activity#com.sathi.android.sathiapp.MainActivity
ADDED from AndroidManifest.xml:14:9
	android:label
		ADDED from AndroidManifest.xml:16:13
	android:name
		ADDED from AndroidManifest.xml:15:13
intent-filter#android.intent.action.MAIN+android.intent.category.LAUNCHER
ADDED from AndroidManifest.xml:17:13
action#android.intent.action.MAIN
ADDED from AndroidManifest.xml:18:17
	android:name
		ADDED from AndroidManifest.xml:18:25
category#android.intent.category.LAUNCHER
ADDED from AndroidManifest.xml:20:17
	android:name
		ADDED from AndroidManifest.xml:20:27
activity#com.sathi.android.sathiapp.Settings
ADDED from AndroidManifest.xml:23:9
	android:label
		ADDED from AndroidManifest.xml:25:13
	android:name
		ADDED from AndroidManifest.xml:24:13
intent-filter#android.intent.category.DEFAULT+com.sathi.android.sathiapp.SETTINGS
ADDED from AndroidManifest.xml:26:13
action#com.sathi.android.sathiapp.SETTINGS
ADDED from AndroidManifest.xml:27:17
	android:name
		ADDED from AndroidManifest.xml:27:25
category#android.intent.category.DEFAULT
ADDED from AndroidManifest.xml:29:17
	android:name
		ADDED from AndroidManifest.xml:29:27
activity#com.sathi.android.sathiapp.Pwdspeed
ADDED from AndroidManifest.xml:32:9
	android:label
		ADDED from AndroidManifest.xml:34:13
	android:name
		ADDED from AndroidManifest.xml:33:13
intent-filter#android.intent.category.DEFAULT+com.sathi.android.sathiapp.PWDSPEED
ADDED from AndroidManifest.xml:35:13
action#com.sathi.android.sathiapp.PWDSPEED
ADDED from AndroidManifest.xml:36:17
	android:name
		ADDED from AndroidManifest.xml:36:25
activity#com.sathi.android.sathiapp.Lop
ADDED from AndroidManifest.xml:41:9
	android:label
		ADDED from AndroidManifest.xml:43:13
	android:name
		ADDED from AndroidManifest.xml:42:13
intent-filter#android.intent.category.DEFAULT+com.sathi.android.sathiapp.LOP
ADDED from AndroidManifest.xml:44:13
action#com.sathi.android.sathiapp.LOP
ADDED from AndroidManifest.xml:45:17
	android:name
		ADDED from AndroidManifest.xml:45:25
activity#com.sathi.android.sathiapp.PwdPwd
ADDED from AndroidManifest.xml:50:9
	android:label
		ADDED from AndroidManifest.xml:52:13
	android:name
		ADDED from AndroidManifest.xml:51:13
intent-filter#android.intent.category.DEFAULT+com.sathi.android.sathiapp.PWDPWD
ADDED from AndroidManifest.xml:53:13
action#com.sathi.android.sathiapp.PWDPWD
ADDED from AndroidManifest.xml:54:17
	android:name
		ADDED from AndroidManifest.xml:54:25
activity#com.sathi.android.sathiapp.PwdNum
ADDED from AndroidManifest.xml:59:9
	android:label
		ADDED from AndroidManifest.xml:61:13
	android:name
		ADDED from AndroidManifest.xml:60:13
intent-filter#android.intent.category.DEFAULT+com.sathi.android.sathiapp.PWDNUM
ADDED from AndroidManifest.xml:62:13
action#com.sathi.android.sathiapp.PWDNUM
ADDED from AndroidManifest.xml:63:17
	android:name
		ADDED from AndroidManifest.xml:63:25
receiver#com.sathi.android.sathiapp.MyReciever
ADDED from AndroidManifest.xml:69:9
	android:exported
		ADDED from AndroidManifest.xml:72:13
	android:enabled
		ADDED from AndroidManifest.xml:71:13
	android:name
		ADDED from AndroidManifest.xml:70:13
intent-filter#android.intent.action.BOOT_COMPLETED
ADDED from AndroidManifest.xml:73:13
action#android.intent.action.BOOT_COMPLETED
ADDED from AndroidManifest.xml:74:17
	android:name
		ADDED from AndroidManifest.xml:74:25
receiver#com.sathi.android.sathiapp.UNinstall
ADDED from AndroidManifest.xml:77:9
	android:permission
		ADDED from AndroidManifest.xml:79:13
	android:name
		ADDED from AndroidManifest.xml:78:13
meta-data#android.app.device_admin
ADDED from AndroidManifest.xml:80:13
	android:resource
		ADDED from AndroidManifest.xml:82:17
	android:name
		ADDED from AndroidManifest.xml:81:17
intent-filter#android.app.action.DEVICE_ADMIN_ENABLED
ADDED from AndroidManifest.xml:84:13
action#android.app.action.DEVICE_ADMIN_ENABLED
ADDED from AndroidManifest.xml:85:17
	android:name
		ADDED from AndroidManifest.xml:85:25
service#com.sathi.android.sathiapp.MyService
ADDED from AndroidManifest.xml:89:9
	android:exported
		ADDED from AndroidManifest.xml:92:13
	android:enabled
		ADDED from AndroidManifest.xml:91:13
	android:name
		ADDED from AndroidManifest.xml:90:13
receiver#com.sathi.android.sathiapp.PackageChangeReciever
ADDED from AndroidManifest.xml:95:9
	android:exported
		ADDED from AndroidManifest.xml:98:13
	android:enabled
		ADDED from AndroidManifest.xml:97:13
	android:name
		ADDED from AndroidManifest.xml:96:13
intent-filter#android.intent.action.PACKAGE_REMOVED
ADDED from AndroidManifest.xml:99:13
action#android.intent.action.PACKAGE_REMOVED
ADDED from AndroidManifest.xml:100:17
	android:name
		ADDED from AndroidManifest.xml:100:25
data
ADDED from AndroidManifest.xml:102:17
	android:scheme
		ADDED from AndroidManifest.xml:102:23
service#com.sathi.android.sathiapp.Checker
ADDED from AndroidManifest.xml:106:9
	android:exported
		ADDED from AndroidManifest.xml:109:13
	android:enabled
		ADDED from AndroidManifest.xml:108:13
	android:name
		ADDED from AndroidManifest.xml:107:13
service#com.sathi.android.sathiapp.TravelMode
ADDED from AndroidManifest.xml:111:9
	android:exported
		ADDED from AndroidManifest.xml:114:13
	android:enabled
		ADDED from AndroidManifest.xml:113:13
	android:name
		ADDED from AndroidManifest.xml:112:13
service#com.sathi.android.sathiapp.Peerm
ADDED from AndroidManifest.xml:116:9
	android:exported
		ADDED from AndroidManifest.xml:119:13
	android:enabled
		ADDED from AndroidManifest.xml:118:13
	android:name
		ADDED from AndroidManifest.xml:117:13
activity#com.sathi.android.sathiapp.Starter
ADDED from AndroidManifest.xml:122:9
	android:label
		ADDED from AndroidManifest.xml:124:13
	android:name
		ADDED from AndroidManifest.xml:123:13
intent-filter#android.intent.category.DEFAULT+com.sathi.android.sathiapp.Starter
ADDED from AndroidManifest.xml:125:13
action#com.sathi.android.sathiapp.Starter
ADDED from AndroidManifest.xml:126:17
	android:name
		ADDED from AndroidManifest.xml:126:25
activity#com.sathi.android.sathiapp.Setpwd
ADDED from AndroidManifest.xml:132:9
	android:label
		ADDED from AndroidManifest.xml:134:13
	android:name
		ADDED from AndroidManifest.xml:133:13
intent-filter#android.intent.category.DEFAULT+com.sathi.android.sathiapp.Setpwd
ADDED from AndroidManifest.xml:135:13
action#com.sathi.android.sathiapp.Setpwd
ADDED from AndroidManifest.xml:136:17
	android:name
		ADDED from AndroidManifest.xml:136:25
activity#com.sathi.android.sathiapp.Startert
ADDED from AndroidManifest.xml:142:9
	android:label
		ADDED from AndroidManifest.xml:144:13
	android:name
		ADDED from AndroidManifest.xml:143:13
intent-filter#android.intent.category.DEFAULT+com.sathi.android.sathiapp.Startert
ADDED from AndroidManifest.xml:145:13
action#com.sathi.android.sathiapp.Startert
ADDED from AndroidManifest.xml:146:17
	android:name
		ADDED from AndroidManifest.xml:146:25
uses-sdk
INJECTED from AndroidManifest.xml:0:0 reason: use-sdk injection requested
MERGED from com.android.support:appcompat-v7:22.1.1:20:5
MERGED from com.android.support:support-v4:22.1.1:20:5
MERGED from com.android.support:support-v4:22.1.1:20:5
	android:targetSdkVersion
		INJECTED from AndroidManifest.xml:0:0
		INJECTED from AndroidManifest.xml:0:0
	android:minSdkVersion
		INJECTED from AndroidManifest.xml:0:0
		INJECTED from AndroidManifest.xml:0:0